<?xml version="1.0" encoding="UTF-8"?>
<!-- Generated by org.testng.reporters.JUnitReportReporter -->
<testsuite hostname="shrikrishn" name="retailbanking.tc.TC_smoke" tests="1" failures="0" timestamp="21 May 2019 18:09:23 GMT" time="39.915" errors="0">
  <testcase name="tc_04_check_account_summary" time="39.915" classname="retailbanking.tc.TC_smoke"/>
</testsuite> <!-- retailbanking.tc.TC_smoke -->
